# JRE version: OpenJDK Runtime Environment Temurin-21.0.5+11 (21.0.5+11) (build 21.0.5+11-LTS)
# Java VM: OpenJDK 64-Bit Server VM Temurin-21.0.5+11 (21.0.5+11-LTS, mixed mode, emulated-client, sharing, tiered, compressed oops, compressed class ptrs, g1 gc, windows-amd64)
GC Precious Log:
 CardTable entry size: 512
 Card Set container configuration: InlinePtr #cards 5 size 8 Array Of Cards #cards 12 size 40 Howl #buckets 4 coarsen threshold 1843 Howl Bitmap #cards 512 size 80 coarsen threshold 460 Card regions per heap region 1 cards per card region 2048
 CPUs: 2 total, 2 available
 Memory: 4009M
 Large Page Support: Disabled
 NUMA Support: Disabled
 Compressed Oops: Enabled (32-bit)
 Heap Region Size: 1M
 Heap Min Capacity: 8M
 Heap Initial Capacity: 64M
 Heap Max Capacity: 1004M
 Pre-touch: Disabled
 Parallel Workers: 2
 Concurrent Workers: 1
 Concurrent Refinement Workers: 2
 Periodic GC: Disabled
Heap:
 garbage-first heap   total 70656K, used 62647K [0x00000000c1400000, 0x0000000100000000)
  region size 1024K, 38 young (38912K), 2 survivors (2048K)
 Metaspace       used 59336K, committed 59968K, reserved 1114112K
  class space    used 8113K, committed 8384K, reserved 1048576K
GC Heap History (20 events):
Event: 12.174 GC heap after
{Heap after GC invocations=14 (full 0):
 garbage-first heap   total 58368K, used 19355K [0x00000000c1400000, 0x0000000100000000)
  region size 1024K, 3 young (3072K), 3 survivors (3072K)
 Metaspace       used 29593K, committed 30080K, reserved 1114112K
  class space    used 3916K, committed 4160K, reserved 1048576K
}
Event: 13.279 GC heap before
{Heap before GC invocations=14 (full 0):
 garbage-first heap   total 58368K, used 50075K [0x00000000c1400000, 0x0000000100000000)
  region size 1024K, 34 young (34816K), 3 survivors (3072K)
 Metaspace       used 31797K, committed 32320K, reserved 1114112K
  class space    used 4212K, committed 4480K, reserved 1048576K
}
Event: 13.296 GC heap after
{Heap after GC invocations=15 (full 0):
 garbage-first heap   total 58368K, used 21183K [0x00000000c1400000, 0x0000000100000000)
  region size 1024K, 4 young (4096K), 4 survivors (4096K)
 Metaspace       used 31797K, committed 32320K, reserved 1114112K
  class space    used 4212K, committed 4480K, reserved 1048576K
}
Event: 14.038 GC heap before
{Heap before GC invocations=15 (full 0):
 garbage-first heap   total 58368K, used 48831K [0x00000000c1400000, 0x0000000100000000)
  region size 1024K, 31 young (31744K), 4 survivors (4096K)
 Metaspace       used 34476K, committed 34944K, reserved 1114112K
  class space    used 4579K, committed 4800K, reserved 1048576K
}
Event: 14.050 GC heap after
{Heap after GC invocations=16 (full 0):
 garbage-first heap   total 58368K, used 20906K [0x00000000c1400000, 0x0000000100000000)
  region size 1024K, 2 young (2048K), 2 survivors (2048K)
 Metaspace       used 34476K, committed 34944K, reserved 1114112K
  class space    used 4579K, committed 4800K, reserved 1048576K
}
Event: 14.317 GC heap before
{Heap before GC invocations=16 (full 0):
 garbage-first heap   total 58368K, used 31146K [0x00000000c1400000, 0x0000000100000000)
  region size 1024K, 13 young (13312K), 2 survivors (2048K)
 Metaspace       used 35460K, committed 35968K, reserved 1114112K
  class space    used 4748K, committed 4992K, reserved 1048576K
}
Event: 14.325 GC heap after
{Heap after GC invocations=17 (full 0):
 garbage-first heap   total 58368K, used 21049K [0x00000000c1400000, 0x0000000100000000)
  region size 1024K, 2 young (2048K), 2 survivors (2048K)
 Metaspace       used 35460K, committed 35968K, reserved 1114112K
  class space    used 4748K, committed 4992K, reserved 1048576K
}
Event: 15.231 GC heap before
{Heap before GC invocations=18 (full 0):
 garbage-first heap   total 58368K, used 51769K [0x00000000c1400000, 0x0000000100000000)
  region size 1024K, 32 young (32768K), 2 survivors (2048K)
 Metaspace       used 38044K, committed 38592K, reserved 1114112K
  class space    used 5219K, committed 5440K, reserved 1048576K
}
Event: 15.242 GC heap after
{Heap after GC invocations=19 (full 0):
 garbage-first heap   total 58368K, used 21664K [0x00000000c1400000, 0x0000000100000000)
  region size 1024K, 3 young (3072K), 3 survivors (3072K)
 Metaspace       used 38044K, committed 38592K, reserved 1114112K
  class space    used 5219K, committed 5440K, reserved 1048576K
}
Event: 16.109 GC heap before
{Heap before GC invocations=19 (full 0):
 garbage-first heap   total 58368K, used 50336K [0x00000000c1400000, 0x0000000100000000)
  region size 1024K, 31 young (31744K), 3 survivors (3072K)
 Metaspace       used 43024K, committed 43584K, reserved 1114112K
  class space    used 5768K, committed 6016K, reserved 1048576K
}
Event: 16.127 GC heap after
{Heap after GC invocations=20 (full 0):
 garbage-first heap   total 70656K, used 22838K [0x00000000c1400000, 0x0000000100000000)
  region size 1024K, 3 young (3072K), 3 survivors (3072K)
 Metaspace       used 43024K, committed 43584K, reserved 1114112K
  class space    used 5768K, committed 6016K, reserved 1048576K
}
Event: 17.549 GC heap before
{Heap before GC invocations=20 (full 0):
 garbage-first heap   total 70656K, used 61750K [0x00000000c1400000, 0x0000000100000000)
  region size 1024K, 41 young (41984K), 3 survivors (3072K)
 Metaspace       used 47135K, committed 47680K, reserved 1114112K
  class space    used 6312K, committed 6528K, reserved 1048576K
}
Event: 17.563 GC heap after
{Heap after GC invocations=21 (full 0):
 garbage-first heap   total 70656K, used 24068K [0x00000000c1400000, 0x0000000100000000)
  region size 1024K, 4 young (4096K), 4 survivors (4096K)
 Metaspace       used 47135K, committed 47680K, reserved 1114112K
  class space    used 6312K, committed 6528K, reserved 1048576K
}
Event: 18.825 GC heap before
{Heap before GC invocations=21 (full 0):
 garbage-first heap   total 70656K, used 61956K [0x00000000c1400000, 0x0000000100000000)
  region size 1024K, 41 young (41984K), 4 survivors (4096K)
 Metaspace       used 50723K, committed 51264K, reserved 1114112K
  class space    used 6757K, committed 6976K, reserved 1048576K
}
Event: 18.841 GC heap after
{Heap after GC invocations=22 (full 0):
 garbage-first heap   total 70656K, used 24912K [0x00000000c1400000, 0x0000000100000000)
  region size 1024K, 4 young (4096K), 4 survivors (4096K)
 Metaspace       used 50723K, committed 51264K, reserved 1114112K
  class space    used 6757K, committed 6976K, reserved 1048576K
}
Event: 19.832 GC heap before
{Heap before GC invocations=22 (full 0):
 garbage-first heap   total 70656K, used 60752K [0x00000000c1400000, 0x0000000100000000)
  region size 1024K, 40 young (40960K), 4 survivors (4096K)
 Metaspace       used 55189K, committed 55744K, reserved 1114112K
  class space    used 7501K, committed 7744K, reserved 1048576K
}
Event: 19.846 GC heap after
{Heap after GC invocations=23 (full 0):
 garbage-first heap   total 70656K, used 25441K [0x00000000c1400000, 0x0000000100000000)
  region size 1024K, 3 young (3072K), 3 survivors (3072K)
 Metaspace       used 55189K, committed 55744K, reserved 1114112K
  class space    used 7501K, committed 7744K, reserved 1048576K
}
Event: 20.838 GC heap before
{Heap before GC invocations=23 (full 0):
 garbage-first heap   total 70656K, used 62305K [0x00000000c1400000, 0x0000000100000000)
  region size 1024K, 39 young (39936K), 3 survivors (3072K)
 Metaspace       used 58867K, committed 59456K, reserved 1114112K
  class space    used 8056K, committed 8320K, reserved 1048576K
}
Event: 20.851 GC heap after
{Heap after GC invocations=24 (full 0):
 garbage-first heap   total 70656K, used 25783K [0x00000000c1400000, 0x0000000100000000)
  region size 1024K, 3 young (3072K), 3 survivors (3072K)
 Metaspace       used 58867K, committed 59456K, reserved 1114112K
  class space    used 8056K, committed 8320K, reserved 1048576K
}
Event: 1077.472 GC heap before
{Heap before GC invocations=24 (full 0):
 garbage-first heap   total 70656K, used 62647K [0x00000000c1400000, 0x0000000100000000)
  region size 1024K, 39 young (39936K), 3 survivors (3072K)
 Metaspace       used 59336K, committed 59968K, reserved 1114112K
  class space    used 8113K, committed 8384K, reserved 1048576K
}

